Removed Pin From Net: NetName=NTC Pin=ESP32-23
Added Component: Designator=SERVO2(HDR3)
Add component (AddParameter): Name = "ComponentLink1 Description"; Value = "Manufacturer"; VariantName = "[No Variations]"
Add component (AddParameter): Name = "ComponentLink1URL"; Value = "http://www.we-online.com"; VariantName = "[No Variations]"
Add component (AddParameter): Name = "ComponentLink2 Description"; Value = "Datasheet"; VariantName = "[No Variations]"
Add component (AddParameter): Name = "ComponentLink2URL"; Value = "http://katalog.we-online.de/em/datasheet/6130xx143121.pdf"; VariantName = "[No Variations]"
Add component (AddParameter): Name = "Created by"; Value = "Karrer Zheng"; VariantName = "[No Variations]"
Add component (AddParameter): Name = "Created Date"; Value = "29 March 2013"; VariantName = "[No Variations]"
Add component (AddParameter): Name = "Manufacturer"; Value = "W¨¹rth Elektronik eiSos GmbH"; VariantName = "[No Variations]"
Add component (AddParameter): Name = "NoPins"; Value = "02"; VariantName = "[No Variations]"
Add component (AddParameter): Name = "partNo"; Value = "613002143121"; VariantName = "[No Variations]"
Added Pin To Net: NetName=NTC Pin=ESP32-26
Added Pin To Net: NetName=GND Pin=SERVO2-2
Added Pin To Net: NetName=VCC Pin=SERVO2-3
Added Pin To Net: NetName=SERVO2 Pin=ESP32-23
Added Pin To Net: NetName=SERVO2 Pin=SERVO2-1
Added Net: Name=SERVO2
Added Member To Class: ClassName=Sheet2 Member=Component C1 100uF/25V
Added Member To Class: ClassName=Sheet2 Member=Component C2 104
Added Member To Class: ClassName=Sheet2 Member=Component C3 47uF/12V
Added Member To Class: ClassName=Sheet2 Member=Component C4 104
Added Member To Class: ClassName=Sheet2 Member=Component C5 104
Added Member To Class: ClassName=Sheet2 Member=Component ESP32 ESP32-DEVKI-V1.0-PIN38
Added Member To Class: ClassName=Sheet2 Member=Component I2C Header4
Added Member To Class: ClassName=Sheet2 Member=Component IC1 LM7805
Added Member To Class: ClassName=Sheet2 Member=Component J PWR2.5
Added Member To Class: ClassName=Sheet2 Member=Component NTC10K Header2
Added Member To Class: ClassName=Sheet2 Member=Component R13 10k
Added Member To Class: ClassName=Sheet2 Member=Component RFID JP8
Added Member To Class: ClassName=Sheet2 Member=Component SERVO1 Header3
Added Member To Class: ClassName=Sheet2 Member=Component SERVO2 Header3
Added Member To Class: ClassName=Sheet2 Member=Component  P1
Added Room: Name=Khoi_Relay
Added Room: Name=Sheet2
