Removed Pin From Net: NetName=12V Pin=J1-1
Removed Pin From Net: NetName=NO1 Pin=J1-2
Removed Pin From Net: NetName=12V Pin=J2-1
Removed Pin From Net: NetName=NO2 Pin=J2-2
Removed Pin From Net: NetName=12V Pin=J3-1
Removed Pin From Net: NetName=NO3 Pin=J3-2
Removed Pin From Net: NetName=12V Pin=J4-1
Removed Pin From Net: NetName=NO4 Pin=J4-2
Removed Pin From Net: NetName=12V Pin=J5-1
Removed Pin From Net: NetName=NO5 Pin=J5-2
Change Component Designator: OldDesignator=   NewDesignator=C4
Change Component Designator: OldDesignator=  NewDesignator=C5
Added Pin To Net: NetName=NO1 Pin=J1-1
Added Pin To Net: NetName=12V Pin=J1-2
Added Pin To Net: NetName=NO2 Pin=J2-1
Added Pin To Net: NetName=12V Pin=J2-2
Added Pin To Net: NetName=NO3 Pin=J3-1
Added Pin To Net: NetName=12V Pin=J3-2
Added Pin To Net: NetName=NO4 Pin=J4-1
Added Pin To Net: NetName=12V Pin=J4-2
Added Pin To Net: NetName=NO5 Pin=J5-1
Added Pin To Net: NetName=12V Pin=J5-2
Added Member To Class: ClassName=Sheet2 Member=Component C4 104
Added Member To Class: ClassName=Sheet2 Member=Component C5 104
Added Member To Class: ClassName=Sheet2 Member=Component  P1
Added Room: Name=Khoi_Relay
Added Room: Name=Khoi_Switch
Added Room: Name=Sheet2
